#
# There is insufficient memory for the Java Runtime Environment to continue.
# Native memory allocation (malloc) failed to allocate 884496 bytes for Chunk::new
# Possible reasons:
#   The system is out of physical RAM or swap space
#   The process is running with CompressedOops enabled, and the Java Heap may be blocking the growth of the native heap
# Possible solutions:
#   Reduce memory load on the system
#   Increase physical memory or swap space
#   Check if swap backing store is full
#   Decrease Java heap size (-Xmx/-Xms)
#   Decrease number of Java threads
#   Decrease Java thread stack sizes (-Xss)
#   Set larger code cache with -XX:ReservedCodeCacheSize=
#   JVM is running with Unscaled Compressed Oops mode in which the Java heap is
#     placed in the first 4GB address space. The Java Heap base address is the
#     maximum limit for the native heap growth. Please use -XX:HeapBaseMinAddress
#     to set the Java Heap base and to place the Java Heap above 4GB virtual address.
# This output file may be truncated or incomplete.
#
#  Out of Memory Error (arena.cpp:189), pid=3332, tid=2588
#
# JRE version: Java(TM) SE Runtime Environment (17.0.3.1+2) (build 17.0.3.1+2-LTS-6)
# Java VM: Java HotSpot(TM) 64-Bit Server VM (17.0.3.1+2-LTS-6, mixed mode, sharing, tiered, compressed oops, compressed class ptrs, g1 gc, windows-amd64)
# No core dump will be written. Minidumps are not enabled by default on client versions of Windows
#

---------------  S U M M A R Y ------------

Command Line: -Xmx64m -Xms64m -Dorg.gradle.appname=gradlew org.gradle.wrapper.GradleWrapperMain app:installDebug -PreactNativeDevServerPort=8081

Host: Intel(R) Core(TM) i5-8265U CPU @ 1.60GHz, 8 cores, 11G,  Windows 10 , 64 bit Build 18362 (10.0.18362.86)
Time: Thu Jun 23 16:34:18 2022 SE Asia Standard Time elapsed time: 1.536042 seconds (0d 0h 0m 1s)

---------------  T H R E A D  ---------------

Current thread (0x000001f3ccb55790):  JavaThread "C2 CompilerThread1" daemon [_thread_in_native, id=2588, stack(0x000000e5e6600000,0x000000e5e6700000)]


Current CompileTask:
C2:   1536 1219       4       java.util.HashSet::add (20 bytes)

Stack: [0x000000e5e6600000,0x000000e5e6700000]
Native frames: (J=compiled Java code, j=interpreted, Vv=VM code, C=native code)
V  [jvm.dll+0x6711ba]
V  [jvm.dll+0x7d0834]
V  [jvm.dll+0x7d1fde]
V  [jvm.dll+0x7d2643]
V  [jvm.dll+0x242c85]
V  [jvm.dll+0xaa57b]
V  [jvm.dll+0xaab0c]
V  [jvm.dll+0x35ff22]
V  [jvm.dll+0x32a581]
V  [jvm.dll+0x329a2a]
V  [jvm.dll+0x215d61]
V  [jvm.dll+0x215181]
V  [jvm.dll+0x1a1c3d]
V  [jvm.dll+0x2249c8]
V  [jvm.dll+0x222b2c]
V  [jvm.dll+0x78650b]
V  [jvm.dll+0x780aca]
V  [jvm.dll+0x670045]
C  [ucrtbase.dll+0x1d912]
C  [KERNEL32.DLL+0x17bd4]
C  [ntdll.dll+0x6ce71]


---------------  P R O C E S S  ---------------

Threads class SMR info:
_java_thread_list=0x000001f3cca8bfa0, length=16, elements={
0x000001f3b15ff6f0, 0x000001f3cad77320, 0x000001f3cad78190, 0x000001f3cad8b310,
0x000001f3cad8ced0, 0x000001f3cad918a0, 0x000001f3cad92250, 0x000001f3cada5cb0,
0x000001f3cada6750, 0x000001f3cadb1920, 0x000001f3cb8996d0, 0x000001f3cb89b880,
0x000001f3cb89b3b0, 0x000001f3ccb55790, 0x000001f3cb89a070, 0x000001f3cb89c220
}

Java Threads: ( => current thread )
  0x000001f3b15ff6f0 JavaThread "main" [_thread_blocked, id=8716, stack(0x000000e5e5300000,0x000000e5e5400000)]
  0x000001f3cad77320 JavaThread "Reference Handler" daemon [_thread_blocked, id=6440, stack(0x000000e5e5a00000,0x000000e5e5b00000)]
  0x000001f3cad78190 JavaThread "Finalizer" daemon [_thread_blocked, id=4280, stack(0x000000e5e5b00000,0x000000e5e5c00000)]
  0x000001f3cad8b310 JavaThread "Signal Dispatcher" daemon [_thread_blocked, id=540, stack(0x000000e5e5c00000,0x000000e5e5d00000)]
  0x000001f3cad8ced0 JavaThread "Attach Listener" daemon [_thread_blocked, id=5776, stack(0x000000e5e5d00000,0x000000e5e5e00000)]
  0x000001f3cad918a0 JavaThread "Service Thread" daemon [_thread_blocked, id=5884, stack(0x000000e5e5e00000,0x000000e5e5f00000)]
  0x000001f3cad92250 JavaThread "Monitor Deflation Thread" daemon [_thread_blocked, id=15272, stack(0x000000e5e5f00000,0x000000e5e6000000)]
  0x000001f3cada5cb0 JavaThread "C2 CompilerThread0" daemon [_thread_blocked, id=8384, stack(0x000000e5e6000000,0x000000e5e6100000)]
  0x000001f3cada6750 JavaThread "C1 CompilerThread0" daemon [_thread_blocked, id=13528, stack(0x000000e5e6100000,0x000000e5e6200000)]
  0x000001f3cadb1920 JavaThread "Sweeper thread" daemon [_thread_blocked, id=2120, stack(0x000000e5e6200000,0x000000e5e6300000)]
  0x000001f3cb8996d0 JavaThread "Notification Thread" daemon [_thread_blocked, id=7656, stack(0x000000e5e6300000,0x000000e5e6400000)]
  0x000001f3cb89b880 JavaThread "Common-Cleaner" daemon [_thread_blocked, id=8312, stack(0x000000e5e6500000,0x000000e5e6600000)]
  0x000001f3cb89b3b0 JavaThread "pool-1-thread-1" [_thread_blocked, id=13600, stack(0x000000e5e6d00000,0x000000e5e6e00000)]
=>0x000001f3ccb55790 JavaThread "C2 CompilerThread1" daemon [_thread_in_native, id=2588, stack(0x000000e5e6600000,0x000000e5e6700000)]
  0x000001f3cb89a070 JavaThread "Exec process" [_thread_in_native, id=15040, stack(0x000000e5e6700000,0x000000e5e6800000)]
  0x000001f3cb89c220 JavaThread "Exec process Thread 2" [_thread_blocked, id=7384, stack(0x000000e5e6f00000,0x000000e5e7000000)]

Other Threads:
  0x000001f3cad70310 VMThread "VM Thread" [stack: 0x000000e5e5900000,0x000000e5e5a00000] [id=3764]
  0x000001f3cb89f050 WatcherThread [stack: 0x000000e5e6400000,0x000000e5e6500000] [id=7140]
  0x000001f3b1620b00 GCTaskThread "GC Thread#0" [stack: 0x000000e5e5400000,0x000000e5e5500000] [id=11048]
  0x000001f3cbe888a0 GCTaskThread "GC Thread#1" [stack: 0x000000e5e6800000,0x000000e5e6900000] [id=14140]
  0x000001f3cc0a5d70 GCTaskThread "GC Thread#2" [stack: 0x000000e5e6900000,0x000000e5e6a00000] [id=11380]
  0x000001f3cc248a40 GCTaskThread "GC Thread#3" [stack: 0x000000e5e6a00000,0x000000e5e6b00000] [id=2760]
  0x000001f3cc165da0 GCTaskThread "GC Thread#4" [stack: 0x000000e5e6b00000,0x000000e5e6c00000] [id=12024]
  0x000001f3cbd81020 GCTaskThread "GC Thread#5" [stack: 0x000000e5e6c00000,0x000000e5e6d00000] [id=9824]
  0x000001f3b1622240 ConcurrentGCThread "G1 Main Marker" [stack: 0x000000e5e5500000,0x000000e5e5600000] [id=1136]
  0x000001f3b1623c60 ConcurrentGCThread "G1 Conc#0" [stack: 0x000000e5e5600000,0x000000e5e5700000] [id=1828]
  0x000001f3b16c44a0 ConcurrentGCThread "G1 Refine#0" [stack: 0x000000e5e5700000,0x000000e5e5800000] [id=3480]
  0x000001f3b16c4ec0 ConcurrentGCThread "G1 Service" [stack: 0x000000e5e5800000,0x000000e5e5900000] [id=5824]

Threads with active compile tasks:
C2 CompilerThread1     1576 1219       4       java.util.HashSet::add (20 bytes)

VM state: not at safepoint (normal execution)

VM Mutex/Monitor currently owned by a thread: None

Heap address: 0x00000000fc000000, size: 64 MB, Compressed Oops mode: 32-bit

CDS archive(s) mapped at: [0x0000000800000000-0x0000000800bc0000-0x0000000800bc0000), size 12320768, SharedBaseAddress: 0x0000000800000000, ArchiveRelocationMode: 0.
Compressed class space mapped at: 0x0000000800c00000-0x0000000840c00000, reserved size: 1073741824
Narrow klass base: 0x0000000800000000, Narrow klass shift: 0, Narrow klass range: 0x100000000

GC Precious Log:
 CPUs: 8 total, 8 available
 Memory: 12163M
 Large Page Support: Disabled
 NUMA Support: Disabled
 Compressed Oops: Enabled (32-bit)
 Heap Region Size: 1M
 Heap Min Capacity: 64M
 Heap Initial Capacity: 64M
 Heap Max Capacity: 64M
 Pre-touch: Disabled
 Parallel Workers: 8
 Concurrent Workers: 2
 Concurrent Refinement Workers: 8
 Periodic GC: Disabled

Heap:
 garbage-first heap   total 65536K, used 25632K [0x00000000fc000000, 0x0000000100000000)
  region size 1024K, 20 young (20480K), 3 survivors (3072K)
 Metaspace       used 8093K, committed 8320K, reserved 1056768K
  class space    used 1103K, committed 1216K, reserved 1048576K

Heap Regions: E=young(eden), S=young(survivor), O=old, HS=humongous(starts), HC=humongous(continues), CS=collection set, F=free, OA=open archive, CA=closed archive, TAMS=top-at-mark-start (previous, next)
|   0|0x00000000fc000000, 0x00000000fc000000, 0x00000000fc100000|  0%| F|  |TAMS 0x00000000fc000000, 0x00000000fc000000| Untracked 
|   1|0x00000000fc100000, 0x00000000fc100000, 0x00000000fc200000|  0%| F|  |TAMS 0x00000000fc100000, 0x00000000fc100000| Untracked 
|   2|0x00000000fc200000, 0x00000000fc200000, 0x00000000fc300000|  0%| F|  |TAMS 0x00000000fc200000, 0x00000000fc200000| Untracked 
|   3|0x00000000fc300000, 0x00000000fc400000, 0x00000000fc400000|100%|HS|  |TAMS 0x00000000fc300000, 0x00000000fc300000| Complete 
|   4|0x00000000fc400000, 0x00000000fc500000, 0x00000000fc500000|100%|HC|  |TAMS 0x00000000fc400000, 0x00000000fc400000| Complete 
|   5|0x00000000fc500000, 0x00000000fc600000, 0x00000000fc600000|100%|HC|  |TAMS 0x00000000fc500000, 0x00000000fc500000| Complete 
|   6|0x00000000fc600000, 0x00000000fc700000, 0x00000000fc700000|100%| O|  |TAMS 0x00000000fc600000, 0x00000000fc600000| Untracked 
|   7|0x00000000fc700000, 0x00000000fc800000, 0x00000000fc800000|100%| O|  |TAMS 0x00000000fc700000, 0x00000000fc700000| Untracked 
|   8|0x00000000fc800000, 0x00000000fc900000, 0x00000000fc900000|100%| O|  |TAMS 0x00000000fc800000, 0x00000000fc800000| Untracked 
|   9|0x00000000fc900000, 0x00000000fc908000, 0x00000000fca00000|  3%| O|  |TAMS 0x00000000fc900000, 0x00000000fc900000| Untracked 
|  10|0x00000000fca00000, 0x00000000fca00000, 0x00000000fcb00000|  0%| F|  |TAMS 0x00000000fca00000, 0x00000000fca00000| Untracked 
|  11|0x00000000fcb00000, 0x00000000fcb00000, 0x00000000fcc00000|  0%| F|  |TAMS 0x00000000fcb00000, 0x00000000fcb00000| Untracked 
|  12|0x00000000fcc00000, 0x00000000fcc00000, 0x00000000fcd00000|  0%| F|  |TAMS 0x00000000fcc00000, 0x00000000fcc00000| Untracked 
|  13|0x00000000fcd00000, 0x00000000fcd00000, 0x00000000fce00000|  0%| F|  |TAMS 0x00000000fcd00000, 0x00000000fcd00000| Untracked 
|  14|0x00000000fce00000, 0x00000000fce00000, 0x00000000fcf00000|  0%| F|  |TAMS 0x00000000fce00000, 0x00000000fce00000| Untracked 
|  15|0x00000000fcf00000, 0x00000000fcf00000, 0x00000000fd000000|  0%| F|  |TAMS 0x00000000fcf00000, 0x00000000fcf00000| Untracked 
|  16|0x00000000fd000000, 0x00000000fd000000, 0x00000000fd100000|  0%| F|  |TAMS 0x00000000fd000000, 0x00000000fd000000| Untracked 
|  17|0x00000000fd100000, 0x00000000fd100000, 0x00000000fd200000|  0%| F|  |TAMS 0x00000000fd100000, 0x00000000fd100000| Untracked 
|  18|0x00000000fd200000, 0x00000000fd200000, 0x00000000fd300000|  0%| F|  |TAMS 0x00000000fd200000, 0x00000000fd200000| Untracked 
|  19|0x00000000fd300000, 0x00000000fd300000, 0x00000000fd400000|  0%| F|  |TAMS 0x00000000fd300000, 0x00000000fd300000| Untracked 
|  20|0x00000000fd400000, 0x00000000fd400000, 0x00000000fd500000|  0%| F|  |TAMS 0x00000000fd400000, 0x00000000fd400000| Untracked 
|  21|0x00000000fd500000, 0x00000000fd500000, 0x00000000fd600000|  0%| F|  |TAMS 0x00000000fd500000, 0x00000000fd500000| Untracked 
|  22|0x00000000fd600000, 0x00000000fd600000, 0x00000000fd700000|  0%| F|  |TAMS 0x00000000fd600000, 0x00000000fd600000| Untracked 
|  23|0x00000000fd700000, 0x00000000fd700000, 0x00000000fd800000|  0%| F|  |TAMS 0x00000000fd700000, 0x00000000fd700000| Untracked 
|  24|0x00000000fd800000, 0x00000000fd800000, 0x00000000fd900000|  0%| F|  |TAMS 0x00000000fd800000, 0x00000000fd800000| Untracked 
|  25|0x00000000fd900000, 0x00000000fd900000, 0x00000000fda00000|  0%| F|  |TAMS 0x00000000fd900000, 0x00000000fd900000| Untracked 
|  26|0x00000000fda00000, 0x00000000fda00000, 0x00000000fdb00000|  0%| F|  |TAMS 0x00000000fda00000, 0x00000000fda00000| Untracked 
|  27|0x00000000fdb00000, 0x00000000fdb00000, 0x00000000fdc00000|  0%| F|  |TAMS 0x00000000fdb00000, 0x00000000fdb00000| Untracked 
|  28|0x00000000fdc00000, 0x00000000fdc00000, 0x00000000fdd00000|  0%| F|  |TAMS 0x00000000fdc00000, 0x00000000fdc00000| Untracked 
|  29|0x00000000fdd00000, 0x00000000fdd00000, 0x00000000fde00000|  0%| F|  |TAMS 0x00000000fdd00000, 0x00000000fdd00000| Untracked 
|  30|0x00000000fde00000, 0x00000000fde00000, 0x00000000fdf00000|  0%| F|  |TAMS 0x00000000fde00000, 0x00000000fde00000| Untracked 
|  31|0x00000000fdf00000, 0x00000000fdf00000, 0x00000000fe000000|  0%| F|  |TAMS 0x00000000fdf00000, 0x00000000fdf00000| Untracked 
|  32|0x00000000fe000000, 0x00000000fe000000, 0x00000000fe100000|  0%| F|  |TAMS 0x00000000fe000000, 0x00000000fe000000| Untracked 
|  33|0x00000000fe100000, 0x00000000fe100000, 0x00000000fe200000|  0%| F|  |TAMS 0x00000000fe100000, 0x00000000fe100000| Untracked 
|  34|0x00000000fe200000, 0x00000000fe200000, 0x00000000fe300000|  0%| F|  |TAMS 0x00000000fe200000, 0x00000000fe200000| Untracked 
|  35|0x00000000fe300000, 0x00000000fe300000, 0x00000000fe400000|  0%| F|  |TAMS 0x00000000fe300000, 0x00000000fe300000| Untracked 
|  36|0x00000000fe400000, 0x00000000fe400000, 0x00000000fe500000|  0%| F|  |TAMS 0x00000000fe400000, 0x00000000fe400000| Untracked 
|  37|0x00000000fe500000, 0x00000000fe500000, 0x00000000fe600000|  0%| F|  |TAMS 0x00000000fe500000, 0x00000000fe500000| Untracked 
|  38|0x00000000fe600000, 0x00000000fe700000, 0x00000000fe700000|100%| S|CS|TAMS 0x00000000fe600000, 0x00000000fe600000| Complete 
|  39|0x00000000fe700000, 0x00000000fe800000, 0x00000000fe800000|100%| S|CS|TAMS 0x00000000fe700000, 0x00000000fe700000| Complete 
|  40|0x00000000fe800000, 0x00000000fe900000, 0x00000000fe900000|100%| S|CS|TAMS 0x00000000fe800000, 0x00000000fe800000| Complete 
|  41|0x00000000fe900000, 0x00000000fe900000, 0x00000000fea00000|  0%| F|  |TAMS 0x00000000fe900000, 0x00000000fe900000| Untracked 
|  42|0x00000000fea00000, 0x00000000fea00000, 0x00000000feb00000|  0%| F|  |TAMS 0x00000000fea00000, 0x00000000fea00000| Untracked 
|  43|0x00000000feb00000, 0x00000000feb00000, 0x00000000fec00000|  0%| F|  |TAMS 0x00000000feb00000, 0x00000000feb00000| Untracked 
|  44|0x00000000fec00000, 0x00000000fec00000, 0x00000000fed00000|  0%| F|  |TAMS 0x00000000fec00000, 0x00000000fec00000| Untracked 
|  45|0x00000000fed00000, 0x00000000fed00000, 0x00000000fee00000|  0%| F|  |TAMS 0x00000000fed00000, 0x00000000fed00000| Untracked 
|  46|0x00000000fee00000, 0x00000000fee00000, 0x00000000fef00000|  0%| F|  |TAMS 0x00000000fee00000, 0x00000000fee00000| Untracked 
|  47|0x00000000fef00000, 0x00000000fef38d40, 0x00000000ff000000| 22%| E|  |TAMS 0x00000000fef00000, 0x00000000fef00000| Complete 
|  48|0x00000000ff000000, 0x00000000ff100000, 0x00000000ff100000|100%| E|CS|TAMS 0x00000000ff000000, 0x00000000ff000000| Complete 
|  49|0x00000000ff100000, 0x00000000ff200000, 0x00000000ff200000|100%| E|CS|TAMS 0x00000000ff100000, 0x00000000ff100000| Complete 
|  50|0x00000000ff200000, 0x00000000ff300000, 0x00000000ff300000|100%| E|CS|TAMS 0x00000000ff200000, 0x00000000ff200000| Complete 
|  51|0x00000000ff300000, 0x00000000ff400000, 0x00000000ff400000|100%| E|CS|TAMS 0x00000000ff300000, 0x00000000ff300000| Complete 
|  52|0x00000000ff400000, 0x00000000ff500000, 0x00000000ff500000|100%| E|CS|TAMS 0x00000000ff400000, 0x00000000ff400000| Complete 
|  53|0x00000000ff500000, 0x00000000ff600000, 0x00000000ff600000|100%| E|CS|TAMS 0x00000000ff500000, 0x00000000ff500000| Complete 
|  54|0x00000000ff600000, 0x00000000ff700000, 0x00000000ff700000|100%| E|CS|TAMS 0x00000000ff600000, 0x00000000ff600000| Complete 
|  55|0x00000000ff700000, 0x00000000ff800000, 0x00000000ff800000|100%| E|CS|TAMS 0x00000000ff700000, 0x00000000ff700000| Complete 
|  56|0x00000000ff800000, 0x00000000ff900000, 0x00000000ff900000|100%| E|CS|TAMS 0x00000000ff800000, 0x00000000ff800000| Complete 
|  57|0x00000000ff900000, 0x00000000ffa00000, 0x00000000ffa00000|100%| E|CS|TAMS 0x00000000ff900000, 0x00000000ff900000| Complete 
|  58|0x00000000ffa00000, 0x00000000ffb00000, 0x00000000ffb00000|100%| E|CS|TAMS 0x00000000ffa00000, 0x00000000ffa00000| Complete 
|  59|0x00000000ffb00000, 0x00000000ffc00000, 0x00000000ffc00000|100%| E|CS|TAMS 0x00000000ffb00000, 0x00000000ffb00000| Complete 
|  60|0x00000000ffc00000, 0x00000000ffd00000, 0x00000000ffd00000|100%| E|CS|TAMS 0x00000000ffc00000, 0x00000000ffc00000| Complete 
|  61|0x00000000ffd00000, 0x00000000ffe00000, 0x00000000ffe00000|100%| E|CS|TAMS 0x00000000ffd00000, 0x00000000ffd00000| Complete 
|  62|0x00000000ffe00000, 0x00000000fff00000, 0x00000000fff00000|100%| E|CS|TAMS 0x00000000ffe00000, 0x00000000ffe00000| Complete 
|  63|0x00000000fff00000, 0x0000000100000000, 0x0000000100000000|100%| E|CS|TAMS 0x00000000fff00000, 0x00000000fff00000| Complete 

Card table byte_map: [0x000001f3af750000,0x000001f3af770000] _byte_map_base: 0x000001f3aef70000

Marking Bits (Prev, Next): (CMBitMap*) 0x000001f3b1621110, (CMBitMap*) 0x000001f3b1621150
 Prev Bits: [0x000001f3c81a0000, 0x000001f3c82a0000)
 Next Bits: [0x000001f3c82a0000, 0x000001f3c83a0000)

Polling page: 0x000001f3af470000

Metaspace:

Usage:
  Non-class:      6.83 MB used.
      Class:      1.08 MB used.
       Both:      7.90 MB used.

Virtual space:
  Non-class space:        8.00 MB reserved,       6.94 MB ( 87%) committed,  1 nodes.
      Class space:        1.00 GB reserved,       1.19 MB ( <1%) committed,  1 nodes.
             Both:        1.01 GB reserved,       8.13 MB ( <1%) committed. 

Chunk freelists:
   Non-Class:  192.00 KB
       Class:  2.65 MB
        Both:  2.84 MB

MaxMetaspaceSize: unlimited
CompressedClassSpaceSize: 1.00 GB
Initial GC threshold: 21.00 MB
Current GC threshold: 21.00 MB
CDS: on
MetaspaceReclaimPolicy: balanced
 - commit_granule_bytes: 65536.
 - commit_granule_words: 8192.
 - virtual_space_node_default_size: 1048576.
 - enlarge_chunks_in_place: 1.
 - new_chunks_are_fully_committed: 0.
 - uncommit_free_chunks: 1.
 - use_allocation_guard: 0.
 - handle_deallocations: 1.


Internal statistics:

num_allocs_failed_limit: 0.
num_arena_births: 86.
num_arena_deaths: 0.
num_vsnodes_births: 2.
num_vsnodes_deaths: 0.
num_space_committed: 130.
num_space_uncommitted: 0.
num_chunks_returned_to_freelist: 0.
num_chunks_taken_from_freelist: 298.
num_chunk_merges: 0.
num_chunk_splits: 207.
num_chunks_enlarged: 177.
num_purges: 0.
num_inconsistent_stats: 0.

CodeHeap 'non-profiled nmethods': size=120000Kb used=497Kb max_used=497Kb free=119503Kb
 bounds [0x000001f3c0940000, 0x000001f3c0bb0000, 0x000001f3c7e70000]
CodeHeap 'profiled nmethods': size=120000Kb used=2370Kb max_used=2370Kb free=117629Kb
 bounds [0x000001f3b9410000, 0x000001f3b9680000, 0x000001f3c0940000]
CodeHeap 'non-nmethods': size=5760Kb used=1170Kb max_used=1205Kb free=4589Kb
 bounds [0x000001f3b8e70000, 0x000001f3b90e0000, 0x000001f3b9410000]
 total_blobs=1695 nmethods=1228 adapters=380
 compilation: enabled
              stopped_count=0, restarted_count=0
 full_count=0

Compilation events (20 events):
Event: 1.498 Thread 0x000001f3cada5cb0 nmethod 1222 0x000001f3c09bb790 code [0x000001f3c09bb920, 0x000001f3c09bba38]
Event: 1.498 Thread 0x000001f3cada6750 nmethod 1218 0x000001f3b965b890 code [0x000001f3b965bc00, 0x000001f3b965d218]
Event: 1.498 Thread 0x000001f3cada6750 1217       3       java.util.StringTokenizer::skipDelimiters (116 bytes)
Event: 1.499 Thread 0x000001f3cada6750 nmethod 1217 0x000001f3b965da10 code [0x000001f3b965dcc0, 0x000001f3b965e9e8]
Event: 1.499 Thread 0x000001f3cada6750 1220       3       java.util.StringTokenizer::hasMoreTokens (29 bytes)
Event: 1.499 Thread 0x000001f3cada6750 nmethod 1220 0x000001f3b965ee90 code [0x000001f3b965f040, 0x000001f3b965f1e8]
Event: 1.499 Thread 0x000001f3cada6750 1221       3       java.util.StringTokenizer::nextToken (92 bytes)
Event: 1.499 Thread 0x000001f3cada6750 nmethod 1221 0x000001f3b965f290 code [0x000001f3b965f460, 0x000001f3b965f7d8]
Event: 1.500 Thread 0x000001f3cada6750 1223       3       java.util.LinkedList::<init> (10 bytes)
Event: 1.500 Thread 0x000001f3cada6750 nmethod 1223 0x000001f3b965f910 code [0x000001f3b965fac0, 0x000001f3b965fd58]
Event: 1.500 Thread 0x000001f3cada6750 1224       3       java.util.AbstractSequentialList::<init> (5 bytes)
Event: 1.500 Thread 0x000001f3cada6750 nmethod 1224 0x000001f3b965fe90 code [0x000001f3b9660040, 0x000001f3b9660278]
Event: 1.503 Thread 0x000001f3cada6750 1225       1       java.lang.invoke.InfoFromMemberName::getReferenceKind (5 bytes)
Event: 1.503 Thread 0x000001f3cada6750 nmethod 1225 0x000001f3c09bbb10 code [0x000001f3c09bbca0, 0x000001f3c09bbd78]
Event: 1.503 Thread 0x000001f3cada6750 1226       3       jdk.internal.reflect.MagicAccessorImpl::<init> (5 bytes)
Event: 1.503 Thread 0x000001f3cada6750 nmethod 1226 0x000001f3b9660390 code [0x000001f3b9660520, 0x000001f3b9660678]
Event: 1.504 Thread 0x000001f3cada6750 1227       3       java.lang.StringUTF16::getChar (60 bytes)
Event: 1.505 Thread 0x000001f3cada6750 nmethod 1227 0x000001f3b9660710 code [0x000001f3b96608a0, 0x000001f3b9660a18]
Event: 1.505 Thread 0x000001f3cada5cb0 1228       4       java.lang.StringUTF16::getChar (60 bytes)
Event: 1.506 Thread 0x000001f3cada5cb0 nmethod 1228 0x000001f3c09bbe10 code [0x000001f3c09bbf80, 0x000001f3c09bc058]

GC Heap History (2 events):
Event: 0.947 GC heap before
{Heap before GC invocations=0 (full 0):
 garbage-first heap   total 65536K, used 28672K [0x00000000fc000000, 0x0000000100000000)
  region size 1024K, 23 young (23552K), 0 survivors (0K)
 Metaspace       used 4076K, committed 4224K, reserved 1056768K
  class space    used 524K, committed 576K, reserved 1048576K
}
Event: 0.958 GC heap after
{Heap after GC invocations=1 (full 0):
 garbage-first heap   total 65536K, used 9248K [0x00000000fc000000, 0x0000000100000000)
  region size 1024K, 3 young (3072K), 3 survivors (3072K)
 Metaspace       used 4076K, committed 4224K, reserved 1056768K
  class space    used 524K, committed 576K, reserved 1048576K
}

Deoptimization events (20 events):
Event: 1.405 Thread 0x000001f3b15ff6f0 DEOPT PACKING pc=0x000001f3b94bce47 sp=0x000000e5e53fd080
Event: 1.405 Thread 0x000001f3b15ff6f0 DEOPT UNPACKING pc=0x000001f3b8ec2b43 sp=0x000000e5e53fc548 mode 0
Event: 1.408 Thread 0x000001f3b15ff6f0 DEOPT PACKING pc=0x000001f3b94c4f09 sp=0x000000e5e53fcfb0
Event: 1.408 Thread 0x000001f3b15ff6f0 DEOPT UNPACKING pc=0x000001f3b8ec2b43 sp=0x000000e5e53fc4a8 mode 0
Event: 1.504 Thread 0x000001f3cb89a070 Uncommon trap: trap_request=0xffffff45 fr.pc=0x000001f3c0997048 relative=0x0000000000000048
Event: 1.504 Thread 0x000001f3cb89a070 Uncommon trap: reason=unstable_if action=reinterpret pc=0x000001f3c0997048 method=java.lang.CharacterData.of(I)Ljava/lang/CharacterData; @ 4 c2
Event: 1.504 Thread 0x000001f3cb89a070 DEOPT PACKING pc=0x000001f3c0997048 sp=0x000000e5e67fe3e0
Event: 1.504 Thread 0x000001f3cb89a070 DEOPT UNPACKING pc=0x000001f3b8ec23a3 sp=0x000000e5e67fe378 mode 2
Event: 1.507 Thread 0x000001f3cb89a070 Uncommon trap: trap_request=0xffffff45 fr.pc=0x000001f3c098ba68 relative=0x0000000000000528
Event: 1.507 Thread 0x000001f3cb89a070 Uncommon trap: reason=unstable_if action=reinterpret pc=0x000001f3c098ba68 method=java.lang.AbstractStringBuilder.putStringAt(ILjava/lang/String;II)V @ 8 c2
Event: 1.507 Thread 0x000001f3cb89a070 DEOPT PACKING pc=0x000001f3c098ba68 sp=0x000000e5e67fecc0
Event: 1.507 Thread 0x000001f3cb89a070 DEOPT UNPACKING pc=0x000001f3b8ec23a3 sp=0x000000e5e67feb48 mode 2
Event: 1.507 Thread 0x000001f3cb89a070 Uncommon trap: trap_request=0xffffff45 fr.pc=0x000001f3c09780c0 relative=0x0000000000000500
Event: 1.507 Thread 0x000001f3cb89a070 Uncommon trap: reason=unstable_if action=reinterpret pc=0x000001f3c09780c0 method=java.lang.AbstractStringBuilder.putStringAt(ILjava/lang/String;II)V @ 8 c2
Event: 1.507 Thread 0x000001f3cb89a070 DEOPT PACKING pc=0x000001f3c09780c0 sp=0x000000e5e67fec50
Event: 1.507 Thread 0x000001f3cb89a070 DEOPT UNPACKING pc=0x000001f3b8ec23a3 sp=0x000000e5e67feb40 mode 2
Event: 1.507 Thread 0x000001f3cb89a070 Uncommon trap: trap_request=0xffffff45 fr.pc=0x000001f3c0972214 relative=0x0000000000000114
Event: 1.507 Thread 0x000001f3cb89a070 Uncommon trap: reason=unstable_if action=reinterpret pc=0x000001f3c0972214 method=java.lang.String.getBytes([BIIBI)V @ 6 c2
Event: 1.507 Thread 0x000001f3cb89a070 DEOPT PACKING pc=0x000001f3c0972214 sp=0x000000e5e67feae0
Event: 1.507 Thread 0x000001f3cb89a070 DEOPT UNPACKING pc=0x000001f3b8ec23a3 sp=0x000000e5e67feaa8 mode 2

Classes unloaded (0 events):
No events

Classes redefined (0 events):
No events

Internal exceptions (20 events):
Event: 0.823 Thread 0x000001f3b15ff6f0 Exception <a 'java/lang/NoSuchMethodError'{0x00000000fecae5b0}: 'void java.lang.invoke.DirectMethodHandle$Holder.invokeStatic(java.lang.Object, java.lang.Object)'> (0x00000000fecae5b0) 
thrown [t:\workspace\open\src\hotspot\share\interpreter\linkResolver.cpp, line 766]
Event: 0.860 Thread 0x000001f3b15ff6f0 Exception <a 'java/lang/NoClassDefFoundError'{0x00000000feb31330}: org/slf4j/impl/StaticMarkerBinder> (0x00000000feb31330) 
thrown [t:\workspace\open\src\hotspot\share\classfile\systemDictionary.cpp, line 245]
Event: 0.871 Thread 0x000001f3b15ff6f0 Exception <a 'java/lang/NoSuchMethodError'{0x00000000febccb78}: 'java.lang.Object java.lang.invoke.DirectMethodHandle$Holder.invokeVirtual(java.lang.Object, java.lang.Object, java.lang.Object, java.lang.Object, java.lang.Object, java.lang.Object, java.lang.Object)'> (0x00000000febccb78) 
thrown [t:\workspace\open\src\hotspot\share\interpreter\linkResolver.cpp, line 766]
Event: 0.874 Thread 0x000001f3b15ff6f0 Exception <a 'java/lang/NoSuchMethodError'{0x00000000febdd6d8}: 'java.lang.Object java.lang.invoke.Invokers$Holder.invoker(java.lang.Object, java.lang.Object, java.lang.Object)'> (0x00000000febdd6d8) 
thrown [t:\workspace\open\src\hotspot\share\interpreter\linkResolver.cpp, line 766]
Event: 0.875 Thread 0x000001f3b15ff6f0 Exception <a 'java/lang/NoSuchMethodError'{0x00000000febe67a8}: 'java.lang.Object java.lang.invoke.DirectMethodHandle$Holder.invokeStatic(java.lang.Object, java.lang.Object, int)'> (0x00000000febe67a8) 
thrown [t:\workspace\open\src\hotspot\share\interpreter\linkResolver.cpp, line 766]
Event: 0.877 Thread 0x000001f3b15ff6f0 Exception <a 'java/lang/NoSuchMethodError'{0x00000000febf2708}: 'void java.lang.invoke.DelegatingMethodHandle$Holder.delegate(java.lang.Object, java.lang.Object, int, java.lang.Object)'> (0x00000000febf2708) 
thrown [t:\workspace\open\src\hotspot\share\interpreter\linkResolver.cpp, line 766]
Event: 0.877 Thread 0x000001f3b15ff6f0 Exception <a 'java/lang/NoSuchMethodError'{0x00000000febf6850}: 'int java.lang.invoke.DirectMethodHandle$Holder.invokeSpecial(java.lang.Object, java.lang.Object, java.lang.Object)'> (0x00000000febf6850) 
thrown [t:\workspace\open\src\hotspot\share\interpreter\linkResolver.cpp, line 766]
Event: 0.881 Thread 0x000001f3b15ff6f0 Exception <a 'java/lang/NoSuchMethodError'{0x00000000fea09e50}: 'java.lang.Object java.lang.invoke.Invokers$Holder.invokeExact_MT(java.lang.Object, java.lang.Object, java.lang.Object, java.lang.Object)'> (0x00000000fea09e50) 
thrown [t:\workspace\open\src\hotspot\share\interpreter\linkResolver.cpp, line 766]
Event: 1.017 Thread 0x000001f3b15ff6f0 Exception <a 'java/lang/NoSuchMethodError'{0x00000000ffdde2f8}: 'java.lang.Object java.lang.invoke.DirectMethodHandle$Holder.invokeInterface(java.lang.Object, java.lang.Object, java.lang.Object)'> (0x00000000ffdde2f8) 
thrown [t:\workspace\open\src\hotspot\share\interpreter\linkResolver.cpp, line 766]
Event: 1.030 Thread 0x000001f3b15ff6f0 Implicit null exception at 0x000001f3c098efb1 to 0x000001f3c098f3fc
Event: 1.030 Thread 0x000001f3b15ff6f0 Implicit null exception at 0x000001f3c097bb2c to 0x000001f3c097bf84
Event: 1.053 Thread 0x000001f3b15ff6f0 Exception <a 'java/lang/NoSuchMethodError'{0x00000000ffba30b8}: 'java.lang.Object java.lang.invoke.DirectMethodHandle$Holder.invokeStaticInit(java.lang.Object)'> (0x00000000ffba30b8) 
thrown [t:\workspace\open\src\hotspot\share\interpreter\linkResolver.cpp, line 766]
Event: 1.162 Thread 0x000001f3b15ff6f0 Exception <a 'java/lang/NoSuchMethodError'{0x00000000ff61e6f0}: 'java.lang.Object java.lang.invoke.DirectMethodHandle$Holder.invokeStaticInit(java.lang.Object, int, int, int, int)'> (0x00000000ff61e6f0) 
thrown [t:\workspace\open\src\hotspot\share\interpreter\linkResolver.cpp, line 766]
Event: 1.209 Thread 0x000001f3b15ff6f0 Exception <a 'java/lang/NoSuchMethodError'{0x00000000ff662380}: 'java.lang.Object java.lang.invoke.DirectMethodHandle$Holder.invokeStaticInit(java.lang.Object, java.lang.Object, int, int, int, int)'> (0x00000000ff662380) 
thrown [t:\workspace\open\src\hotspot\share\interpreter\linkResolver.cpp, line 766]
Event: 1.322 Thread 0x000001f3b15ff6f0 Exception <a 'java/lang/NoSuchMethodError'{0x00000000ff68f1b8}: 'void java.lang.invoke.DirectMethodHandle$Holder.invokeStatic(java.lang.Object, java.lang.Object, java.lang.Object)'> (0x00000000ff68f1b8) 
thrown [t:\workspace\open\src\hotspot\share\interpreter\linkResolver.cpp, line 766]
Event: 1.475 Thread 0x000001f3cb89a070 Exception <a 'java/lang/NoSuchMethodError'{0x00000000ff00e1a8}: 'void java.lang.invoke.DirectMethodHandle$Holder.invokeStatic(java.lang.Object, long)'> (0x00000000ff00e1a8) 
thrown [t:\workspace\open\src\hotspot\share\interpreter\linkResolver.cpp, line 766]
Event: 1.476 Thread 0x000001f3cb89a070 Exception <a 'java/lang/NoSuchMethodError'{0x00000000ff013b00}: 'java.lang.Object java.lang.invoke.DirectMethodHandle$Holder.newInvokeSpecial(java.lang.Object, long)'> (0x00000000ff013b00) 
thrown [t:\workspace\open\src\hotspot\share\interpreter\linkResolver.cpp, line 766]
Event: 1.478 Thread 0x000001f3cb89a070 Exception <a 'java/lang/NoSuchMethodError'{0x00000000ff01eca8}: 'java.lang.Object java.lang.invoke.DirectMethodHandle$Holder.invokeStaticInit(java.lang.Object, java.lang.Object, long, java.lang.Object)'> (0x00000000ff01eca8) 
thrown [t:\workspace\open\src\hotspot\share\interpreter\linkResolver.cpp, line 766]
Event: 1.479 Thread 0x000001f3cb89a070 Exception <a 'java/lang/NoSuchMethodError'{0x00000000ff025368}: 'java.lang.Object java.lang.invoke.DirectMethodHandle$Holder.newInvokeSpecial(java.lang.Object, java.lang.Object, long)'> (0x00000000ff025368) 
thrown [t:\workspace\open\src\hotspot\share\interpreter\linkResolver.cpp, line 766]
Event: 1.479 Thread 0x000001f3cb89a070 Exception <a 'java/lang/NoSuchMethodError'{0x00000000ff029658}: 'java.lang.Object java.lang.invoke.Invokers$Holder.linkToTargetMethod(java.lang.Object, long, java.lang.Object)'> (0x00000000ff029658) 
thrown [t:\workspace\open\src\hotspot\share\interpreter\linkResolver.cpp, line 766]

VM Operations (20 events):
Event: 0.123 Executing VM operation: HandshakeAllThreads
Event: 0.124 Executing VM operation: HandshakeAllThreads done
Event: 0.854 Executing VM operation: HandshakeAllThreads
Event: 0.854 Executing VM operation: HandshakeAllThreads done
Event: 0.875 Executing VM operation: HandshakeAllThreads
Event: 0.875 Executing VM operation: HandshakeAllThreads done
Event: 0.931 Executing VM operation: ICBufferFull
Event: 0.932 Executing VM operation: ICBufferFull done
Event: 0.945 Executing VM operation: G1CollectForAllocation
Event: 0.959 Executing VM operation: G1CollectForAllocation done
Event: 1.086 Executing VM operation: HandshakeAllThreads
Event: 1.086 Executing VM operation: HandshakeAllThreads done
Event: 1.172 Executing VM operation: HandshakeAllThreads
Event: 1.172 Executing VM operation: HandshakeAllThreads done
Event: 1.202 Executing VM operation: HandshakeAllThreads
Event: 1.202 Executing VM operation: HandshakeAllThreads done
Event: 1.469 Executing VM operation: HandshakeAllThreads
Event: 1.469 Executing VM operation: HandshakeAllThreads done
Event: 1.504 Executing VM operation: HandshakeAllThreads
Event: 1.504 Executing VM operation: HandshakeAllThreads done

Events (20 events):
Event: 1.482 loading class jdk/internal/event/ProcessStartEvent done
Event: 1.482 Thread 0x000001f3cb89bd50 Thread added: 0x000001f3cb89bd50
Event: 1.483 loading class java/util/concurrent/locks/AbstractQueuedSynchronizer$ExclusiveNode
Event: 1.483 loading class java/util/concurrent/locks/AbstractQueuedSynchronizer$ExclusiveNode done
Event: 1.485 Thread 0x000001f3cb89c220 Thread added: 0x000001f3cb89c220
Event: 1.485 Thread 0x000001f3cb89bd50 Thread exited: 0x000001f3cb89bd50
Event: 1.486 loading class java/util/Scanner
Event: 1.487 loading class java/util/Scanner done
Event: 1.488 loading class java/util/Scanner$PatternLRUCache
Event: 1.488 loading class java/util/Scanner$PatternLRUCache done
Event: 1.493 loading class jdk/internal/module/ModulePatcher$PatchedModuleReader
Event: 1.494 loading class jdk/internal/module/ModulePatcher$PatchedModuleReader done
Event: 1.495 loading class sun/net/www/protocol/jrt/Handler
Event: 1.495 loading class sun/net/www/protocol/jrt/Handler done
Event: 1.501 loading class sun/text/resources/cldr/FormatData_en
Event: 1.501 loading class sun/text/resources/cldr/FormatData_en done
Event: 1.501 loading class sun/text/resources/cldr/FormatData_en_US
Event: 1.501 loading class sun/text/resources/cldr/FormatData_en_US done
Event: 1.507 loading class java/io/PrintWriter
Event: 1.508 loading class java/io/PrintWriter done


Dynamic libraries:
0x00007ff65d300000 - 0x00007ff65d310000 	C:\Program Files\Java\jdk-17.0.3.1\bin\java.exe
0x00007ffb19aa0000 - 0x00007ffb19c90000 	C:\Windows\SYSTEM32\ntdll.dll
0x00007ffb18610000 - 0x00007ffb186c2000 	C:\Windows\System32\KERNEL32.DLL
0x00007ffb16d20000 - 0x00007ffb16fc3000 	C:\Windows\System32\KERNELBASE.dll
0x00007ffb17970000 - 0x00007ffb17a6a000 	C:\Windows\System32\ucrtbase.dll
0x00007ffb0fec0000 - 0x00007ffb0fed8000 	C:\Program Files\Java\jdk-17.0.3.1\bin\jli.dll
0x00007ffb0fea0000 - 0x00007ffb0feba000 	C:\Program Files\Java\jdk-17.0.3.1\bin\VCRUNTIME140.dll
0x00007ffb18b80000 - 0x00007ffb18c23000 	C:\Windows\System32\ADVAPI32.dll
0x00007ffb199c0000 - 0x00007ffb19a5e000 	C:\Windows\System32\msvcrt.dll
0x00007ffb190c0000 - 0x00007ffb19157000 	C:\Windows\System32\sechost.dll
0x00007ffb18c30000 - 0x00007ffb18d50000 	C:\Windows\System32\RPCRT4.dll
0x00007ffb17b60000 - 0x00007ffb17cf3000 	C:\Windows\System32\USER32.dll
0x00007ffaf4210000 - 0x00007ffaf4495000 	C:\Windows\WinSxS\amd64_microsoft.windows.common-controls_6595b64144ccf1df_6.0.18362.175_none_e6c3ab1f131014c9\COMCTL32.dll
0x00007ffb16c80000 - 0x00007ffb16ca1000 	C:\Windows\System32\win32u.dll
0x00007ffb18840000 - 0x00007ffb18b76000 	C:\Windows\System32\combase.dll
0x00007ffb19020000 - 0x00007ffb19046000 	C:\Windows\System32\GDI32.dll
0x00007ffb17a70000 - 0x00007ffb17af1000 	C:\Windows\System32\bcryptPrimitives.dll
0x00007ffb16a30000 - 0x00007ffb16bc4000 	C:\Windows\System32\gdi32full.dll
0x00007ffb16fd0000 - 0x00007ffb1706e000 	C:\Windows\System32\msvcp_win.dll
0x00007ffb116b0000 - 0x00007ffb116ba000 	C:\Windows\SYSTEM32\VERSION.dll
0x00007ffb186d0000 - 0x00007ffb186fe000 	C:\Windows\System32\IMM32.DLL
0x00007ffb0fe10000 - 0x00007ffb0fe1c000 	C:\Program Files\Java\jdk-17.0.3.1\bin\vcruntime140_1.dll
0x00007ffb082d0000 - 0x00007ffb0835d000 	C:\Program Files\Java\jdk-17.0.3.1\bin\msvcp140.dll
0x00007ffadf300000 - 0x00007ffadfec0000 	C:\Program Files\Java\jdk-17.0.3.1\bin\server\jvm.dll
0x00007ffb18e30000 - 0x00007ffb18e38000 	C:\Windows\System32\PSAPI.DLL
0x00007ffb0fe70000 - 0x00007ffb0fe79000 	C:\Windows\SYSTEM32\WSOCK32.dll
0x00007ffb144b0000 - 0x00007ffb144d4000 	C:\Windows\SYSTEM32\WINMM.dll
0x00007ffb18210000 - 0x00007ffb1827f000 	C:\Windows\System32\WS2_32.dll
0x00007ffb14310000 - 0x00007ffb1433d000 	C:\Windows\SYSTEM32\winmmbase.dll
0x00007ffb16cd0000 - 0x00007ffb16d1a000 	C:\Windows\System32\cfgmgr32.dll
0x00007ffb16980000 - 0x00007ffb16991000 	C:\Windows\System32\kernel.appcore.dll
0x00007ffb0fe00000 - 0x00007ffb0fe0a000 	C:\Program Files\Java\jdk-17.0.3.1\bin\jimage.dll
0x00007ffb15300000 - 0x00007ffb154f4000 	C:\Windows\SYSTEM32\DBGHELP.DLL
0x00007ffaf96d0000 - 0x00007ffaf96fa000 	C:\Windows\SYSTEM32\dbgcore.DLL
0x00007ffb082a0000 - 0x00007ffb082c5000 	C:\Program Files\Java\jdk-17.0.3.1\bin\java.dll
0x00007ffb07cf0000 - 0x00007ffb07dc6000 	C:\Program Files\Java\jdk-17.0.3.1\bin\jsvml.dll
0x00007ffb19210000 - 0x00007ffb198f0000 	C:\Windows\System32\SHELL32.dll
0x00007ffb19160000 - 0x00007ffb19209000 	C:\Windows\System32\shcore.dll
0x00007ffb170a0000 - 0x00007ffb1781b000 	C:\Windows\System32\windows.storage.dll
0x00007ffb169a0000 - 0x00007ffb169bf000 	C:\Windows\System32\profapi.dll
0x00007ffb169c0000 - 0x00007ffb16a0a000 	C:\Windows\System32\powrprof.dll
0x00007ffb16970000 - 0x00007ffb16980000 	C:\Windows\System32\UMPDC.dll
0x00007ffb19960000 - 0x00007ffb199b2000 	C:\Windows\System32\shlwapi.dll
0x00007ffb16cb0000 - 0x00007ffb16cc7000 	C:\Windows\System32\cryptsp.dll
0x00007ffb088d0000 - 0x00007ffb088e9000 	C:\Program Files\Java\jdk-17.0.3.1\bin\net.dll
0x00007ffb0e710000 - 0x00007ffb0e7ff000 	C:\Windows\SYSTEM32\WINHTTP.dll
0x00007ffb16180000 - 0x00007ffb161e7000 	C:\Windows\system32\mswsock.dll
0x00007ffb08280000 - 0x00007ffb08296000 	C:\Program Files\Java\jdk-17.0.3.1\bin\nio.dll
0x00007ffb08260000 - 0x00007ffb08278000 	C:\Program Files\Java\jdk-17.0.3.1\bin\zip.dll
0x00007ffb0fdc0000 - 0x00007ffb0fdd0000 	C:\Program Files\Java\jdk-17.0.3.1\bin\verify.dll
0x00007ffb08230000 - 0x00007ffb08257000 	C:\Users\Admin\.gradle\native\e1d6ef7f7dcc3fd88c89a11ec53ec762bb8ba0a96d01ffa2cd45eb1d1d8dd5c5\windows-amd64\native-platform.dll
0x00007ffb08b60000 - 0x00007ffb08b6a000 	C:\Users\Admin\.gradle\native\jansi\1.18\windows64\jansi.dll
0x00007ffb087a0000 - 0x00007ffb087a9000 	C:\Program Files\Java\jdk-17.0.3.1\bin\management.dll
0x00007ffb08630000 - 0x00007ffb0863b000 	C:\Program Files\Java\jdk-17.0.3.1\bin\management_ext.dll
0x00007ffb15d40000 - 0x00007ffb15d73000 	C:\Windows\system32\rsaenh.dll
0x00007ffb17070000 - 0x00007ffb17096000 	C:\Windows\System32\bcrypt.dll
0x00007ffb16890000 - 0x00007ffb168b5000 	C:\Windows\SYSTEM32\USERENV.dll
0x00007ffb16350000 - 0x00007ffb1635c000 	C:\Windows\SYSTEM32\CRYPTBASE.dll
0x00007ffb15ee0000 - 0x00007ffb15f1a000 	C:\Windows\SYSTEM32\IPHLPAPI.DLL
0x00007ffb19050000 - 0x00007ffb19058000 	C:\Windows\System32\NSI.dll
0x00007ffb0fbd0000 - 0x00007ffb0fbe6000 	C:\Windows\SYSTEM32\dhcpcsvc6.DLL
0x00007ffb10ca0000 - 0x00007ffb10cbc000 	C:\Windows\SYSTEM32\dhcpcsvc.DLL
0x00007ffb15f20000 - 0x00007ffb15fea000 	C:\Windows\SYSTEM32\DNSAPI.dll

dbghelp: loaded successfully - version: 4.0.5 - missing functions: none
symbol engine: initialized successfully - sym options: 0x614 - pdb path: .;C:\Program Files\Java\jdk-17.0.3.1\bin;C:\Windows\SYSTEM32;C:\Windows\WinSxS\amd64_microsoft.windows.common-controls_6595b64144ccf1df_6.0.18362.175_none_e6c3ab1f131014c9;C:\Program Files\Java\jdk-17.0.3.1\bin\server;C:\Users\Admin\.gradle\native\e1d6ef7f7dcc3fd88c89a11ec53ec762bb8ba0a96d01ffa2cd45eb1d1d8dd5c5\windows-amd64;C:\Users\Admin\.gradle\native\jansi\1.18\windows64

VM Arguments:
jvm_args: -Xmx64m -Xms64m -Dorg.gradle.appname=gradlew 
java_command: org.gradle.wrapper.GradleWrapperMain app:installDebug -PreactNativeDevServerPort=8081
java_class_path (initial): F:\RNB\Pokedex\android\\gradle\wrapper\gradle-wrapper.jar
Launcher Type: SUN_STANDARD

[Global flags]
     intx CICompilerCount                          = 4                                         {product} {ergonomic}
     uint ConcGCThreads                            = 2                                         {product} {ergonomic}
     uint G1ConcRefinementThreads                  = 8                                         {product} {ergonomic}
   size_t G1HeapRegionSize                         = 1048576                                   {product} {ergonomic}
    uintx GCDrainStackTargetSize                   = 64                                        {product} {ergonomic}
   size_t InitialHeapSize                          = 67108864                                  {product} {command line}
   size_t MarkStackSize                            = 4194304                                   {product} {ergonomic}
   size_t MaxHeapSize                              = 67108864                                  {product} {command line}
   size_t MaxNewSize                               = 39845888                                  {product} {ergonomic}
   size_t MinHeapDeltaBytes                        = 1048576                                   {product} {ergonomic}
   size_t MinHeapSize                              = 67108864                                  {product} {command line}
    uintx NonNMethodCodeHeapSize                   = 5839372                                {pd product} {ergonomic}
    uintx NonProfiledCodeHeapSize                  = 122909434                              {pd product} {ergonomic}
    uintx ProfiledCodeHeapSize                     = 122909434                              {pd product} {ergonomic}
    uintx ReservedCodeCacheSize                    = 251658240                              {pd product} {ergonomic}
     bool SegmentedCodeCache                       = true                                      {product} {ergonomic}
   size_t SoftMaxHeapSize                          = 67108864                               {manageable} {ergonomic}
     bool UseCompressedClassPointers               = true                           {product lp64_product} {ergonomic}
     bool UseCompressedOops                        = true                           {product lp64_product} {ergonomic}
     bool UseG1GC                                  = true                                      {product} {ergonomic}
     bool UseLargePagesIndividualAllocation        = false                                  {pd product} {ergonomic}

Logging:
Log output configuration:
 #0: stdout all=warning uptime,level,tags
 #1: stderr all=off uptime,level,tags

Environment Variables:
CLASSPATH=F:\RNB\Pokedex\android\\gradle\wrapper\gradle-wrapper.jar
PATH=F:\RNB\Pokedex\android\node_modules\.bin;F:\RNB\Pokedex\node_modules\.bin;F:\RNB\node_modules\.bin;F:\node_modules\.bin;F:\NodeJS;F:\RNB\Pokedex\node_modules\.bin;F:\RNB\node_modules\.bin;F:\node_modules\.bin;F:\NodeJS\node_modules\npm\node_modules\@npmcli\run-script\lib\node-gyp-bin;C:\Program Files\Common Files\Oracle\Java\javapath;C:\Program Files (x86)\Common Files\Oracle\Java\javapath;C:\Windows\system32;C:\Windows;C:\Windows\System32\Wbem;C:\Windows\System32\WindowsPowerShell\v1.0\;C:\Windows\System32\OpenSSH\;F:\NodeJS\;C:\ProgramData\chocolatey\bin;F:\Git\cmd;F:\Git\mingw64\bin;F:\Git\usr\bin;C:\Users\Admin\AppData\Local\Microsoft\WindowsApps;C:\Users\Admin\AppData\Roaming\npm;F:\Microsoft VS Code\bin;F:\AppData\Local\Android\Sdk\platform-tools;
USERNAME=Admin
LANG=en_US.UTF-8
OS=Windows_NT
PROCESSOR_IDENTIFIER=Intel64 Family 6 Model 142 Stepping 11, GenuineIntel



---------------  S Y S T E M  ---------------

OS:
 Windows 10 , 64 bit Build 18362 (10.0.18362.86)
OS uptime: 0 days 21:55 hours

CPU: total 8 (initial active 8) (4 cores per cpu, 2 threads per core) family 6 model 142 stepping 11 microcode 0xf0, cx8, cmov, fxsr, ht, mmx, 3dnowpref, sse, sse2, sse3, ssse3, sse4.1, sse4.2, popcnt, lzcnt, tsc, tscinvbit, avx, avx2, aes, erms, clmul, bmi1, bmi2, adx, fma, vzeroupper, clflush, clflushopt

Memory: 4k page, system-wide physical 12163M (2036M free)
TotalPageFile size 26392M (AvailPageFile size 1M)
current process WorkingSet (physical memory assigned to process): 96M, peak: 96M
current process commit charge ("private bytes"): 170M, peak: 171M

vm_info: Java HotSpot(TM) 64-Bit Server VM (17.0.3.1+2-LTS-6) for windows-amd64 JRE (17.0.3.1+2-LTS-6), built on Apr 25 2022 22:04:21 by "mach5one" with MS VC++ 16.8 / 16.9 (VS2019)

END.
